Using pre-set license
Built from '2021.3/staging' branch; Version is '2021.3.4f1 (cb45f9cae8b7) revision 13321721'; Using compiler version '192829333'; Build Type 'Release'
OS: 'Windows 11  (10.0.22000) 64bit Education' Language: 'en' Physical Memory: 16292 MB
BatchMode: 1, IsHumanControllingUs: 0, StartBugReporterOnCrash: 0, Is64bit: 1, IsPro: 1

COMMAND LINE ARGUMENTS:
C:\Program Files\Unity\Hub\Editor\2021.3.4f1\Editor\Unity.exe
-adb2
-batchMode
-noUpm
-name
AssetImportWorker0
-projectPath
C:/Users/user/Desktop/gltfImport
-logFile
Logs/AssetImportWorker0.log
-srvPort
57766
Successfully changed project path to: C:/Users/user/Desktop/gltfImport
C:/Users/user/Desktop/gltfImport
[UnityMemory] Configuration Parameters - Can be set up in boot.config
    "memorysetup-bucket-allocator-granularity=16"
    "memorysetup-bucket-allocator-bucket-count=8"
    "memorysetup-bucket-allocator-block-size=33554432"
    "memorysetup-bucket-allocator-block-count=8"
    "memorysetup-main-allocator-block-size=16777216"
    "memorysetup-thread-allocator-block-size=16777216"
    "memorysetup-gfx-main-allocator-block-size=16777216"
    "memorysetup-gfx-thread-allocator-block-size=16777216"
    "memorysetup-cache-allocator-block-size=4194304"
    "memorysetup-typetree-allocator-block-size=2097152"
    "memorysetup-profiler-bucket-allocator-granularity=16"
    "memorysetup-profiler-bucket-allocator-bucket-count=8"
    "memorysetup-profiler-bucket-allocator-block-size=33554432"
    "memorysetup-profiler-bucket-allocator-block-count=8"
    "memorysetup-profiler-allocator-block-size=16777216"
    "memorysetup-profiler-editor-allocator-block-size=1048576"
    "memorysetup-temp-allocator-size-main=16777216"
    "memorysetup-job-temp-allocator-block-size=2097152"
    "memorysetup-job-temp-allocator-block-size-background=1048576"
    "memorysetup-job-temp-allocator-reduction-small-platforms=262144"
    "memorysetup-temp-allocator-size-background-worker=32768"
    "memorysetup-temp-allocator-size-job-worker=262144"
    "memorysetup-temp-allocator-size-preload-manager=33554432"
    "memorysetup-temp-allocator-size-nav-mesh-worker=65536"
    "memorysetup-temp-allocator-size-audio-worker=65536"
    "memorysetup-temp-allocator-size-cloud-worker=32768"
    "memorysetup-temp-allocator-size-gi-baking-worker=262144"
    "memorysetup-temp-allocator-size-gfx=262144"
Refreshing native plugins compatible for Editor in 110.06 ms, found 3 plugins.
Preloading 0 native plugins for Editor in 0.00 ms.
Initialize engine version: 2021.3.4f1 (cb45f9cae8b7)
[Subsystems] Discovering subsystems at path C:/Program Files/Unity/Hub/Editor/2021.3.4f1/Editor/Data/Resources/UnitySubsystems
[Subsystems] Discovering subsystems at path C:/Users/user/Desktop/gltfImport/Assets
GfxDevice: creating device client; threaded=0; jobified=0
Direct3D:
    Version:  Direct3D 11.0 [level 11.1]
    Renderer: Intel(R) HD Graphics 4600 (ID=0x412)
    Vendor:   Intel
    VRAM:     2048 MB
    Driver:   20.19.15.5144
Initialize mono
Mono path[0] = 'C:/Program Files/Unity/Hub/Editor/2021.3.4f1/Editor/Data/Managed'
Mono path[1] = 'C:/Program Files/Unity/Hub/Editor/2021.3.4f1/Editor/Data/MonoBleedingEdge/lib/mono/unityjit-win32'
Mono config path = 'C:/Program Files/Unity/Hub/Editor/2021.3.4f1/Editor/Data/MonoBleedingEdge/etc'
Using monoOptions --debugger-agent=transport=dt_socket,embedding=1,server=y,suspend=n,address=127.0.0.1:56168
Begin MonoManager ReloadAssembly
Registering precompiled unity dll's ...
Register platform support module: C:/Program Files/Unity/Hub/Editor/2021.3.4f1/Editor/Data/PlaybackEngines/WebGLSupport/UnityEditor.WebGL.Extensions.dll
Register platform support module: C:/Program Files/Unity/Hub/Editor/2021.3.4f1/Editor/Data/PlaybackEngines/WindowsStandaloneSupport/UnityEditor.WindowsStandalone.Extensions.dll
Registered in 0.004593 seconds.
Native extension for WindowsStandalone target not found
Native extension for WebGL target not found
Refreshing native plugins compatible for Editor in 148.33 ms, found 3 plugins.
Preloading 0 native plugins for Editor in 0.00 ms.
Mono: successfully reloaded assembly
- Completed reload, in  0.759 seconds
Domain Reload Profiling:
	ReloadAssembly (760ms)
		BeginReloadAssembly (71ms)
			ExecutionOrderSort (0ms)
			DisableScriptedObjects (0ms)
			BackupInstance (0ms)
			ReleaseScriptingObjects (0ms)
			CreateAndSetChildDomain (1ms)
		EndReloadAssembly (572ms)
			LoadAssemblies (70ms)
			RebuildTransferFunctionScriptingTraits (0ms)
			SetupTypeCache (131ms)
			ReleaseScriptCaches (0ms)
			RebuildScriptCaches (32ms)
			SetupLoadedEditorAssemblies (356ms)
				LogAssemblyErrors (0ms)
				InitializePlatformSupportModulesInManaged (9ms)
				SetLoadedEditorAssemblies (0ms)
				RefreshPlugins (148ms)
				BeforeProcessingInitializeOnLoad (1ms)
				ProcessInitializeOnLoadAttributes (149ms)
				ProcessInitializeOnLoadMethodAttributes (48ms)
				AfterProcessingInitializeOnLoad (0ms)
				EditorAssembliesLoaded (0ms)
			ExecutionOrderSort2 (0ms)
			AwakeInstancesAfterBackupRestoration (0ms)
Platform modules already initialized, skipping
Registering precompiled user dll's ...
Registered in 0.006334 seconds.
Begin MonoManager ReloadAssembly
Symbol file LoadedFromMemory doesn't match image C:\Users\user\Desktop\gltfImport\Library\PackageCache\com.unity.visualscripting@1.7.8\Editor\VisualScripting.Core\Dependencies\YamlDotNet\Unity.VisualScripting.YamlDotNet.dll
Symbol file LoadedFromMemory doesn't match image C:\Users\user\Desktop\gltfImport\Library\PackageCache\com.unity.visualscripting@1.7.8\Editor\VisualScripting.Core\Dependencies\DotNetZip\Unity.VisualScripting.IonicZip.dll
Native extension for WindowsStandalone target not found
Native extension for WebGL target not found
Refreshing native plugins compatible for Editor in 0.72 ms, found 3 plugins.
Preloading 0 native plugins for Editor in 0.00 ms.
Mono: successfully reloaded assembly
- Completed reload, in  1.100 seconds
Domain Reload Profiling:
	ReloadAssembly (1101ms)
		BeginReloadAssembly (114ms)
			ExecutionOrderSort (0ms)
			DisableScriptedObjects (6ms)
			BackupInstance (0ms)
			ReleaseScriptingObjects (0ms)
			CreateAndSetChildDomain (21ms)
		EndReloadAssembly (860ms)
			LoadAssemblies (83ms)
			RebuildTransferFunctionScriptingTraits (0ms)
			SetupTypeCache (307ms)
			ReleaseScriptCaches (1ms)
			RebuildScriptCaches (53ms)
			SetupLoadedEditorAssemblies (377ms)
				LogAssemblyErrors (0ms)
				InitializePlatformSupportModulesInManaged (6ms)
				SetLoadedEditorAssemblies (1ms)
				RefreshPlugins (1ms)
				BeforeProcessingInitializeOnLoad (97ms)
				ProcessInitializeOnLoadAttributes (238ms)
				ProcessInitializeOnLoadMethodAttributes (29ms)
				AfterProcessingInitializeOnLoad (5ms)
				EditorAssembliesLoaded (0ms)
			ExecutionOrderSort2 (0ms)
			AwakeInstancesAfterBackupRestoration (6ms)
Platform modules already initialized, skipping
========================================================================
Worker process is ready to serve import requests
Launched and connected shader compiler UnityShaderCompiler.exe after 0.08 seconds
Refreshing native plugins compatible for Editor in 1.05 ms, found 3 plugins.
Preloading 0 native plugins for Editor in 0.00 ms.
Unloading 3543 Unused Serialized files (Serialized files now loaded: 0)
Unloading 27 unused Assets / (111.8 KB). Loaded Objects now: 4001.
Memory consumption went from 121.8 MB to 121.7 MB.
Total: 3.504300 ms (FindLiveObjects: 0.327400 ms CreateObjectMapping: 0.326100 ms MarkObjects: 2.727200 ms  DeleteObjects: 0.122400 ms)

AssetImportParameters requested are different than current active one (requested -> active):
  custom:video-decoder-ogg-theora: a1e56fd34408186e4bbccfd4996cb3dc -> 
  custom:container-muxer-webm: aa71ff27fc2769a1b78a27578f13a17b -> 
  custom:container-demuxer-webm: 4f35f7cbe854078d1ac9338744f61a02 -> 
  custom:video-encoder-webm-vp8: eb34c28f22e8b96e1ab97ce403110664 -> 
  custom:audio-encoder-webm-vorbis: bf7c407c2cedff20999df2af8eb42d56 -> 
  custom:framework-win-MediaFoundation: 216162199b28c13a410421893ffa2e32 -> 
  custom:container-demuxer-ogg: 62fdf1f143b41e24485cea50d1cbac27 -> 
  custom:video-decoder-webm-vp8: 9c59270c3fd7afecdb556c50c9e8de78 -> 
  custom:audio-decoder-ogg-vorbis: bf7c407c2cedff20999df2af8eb42d56 -> 
========================================================================
Received Import Request.
  Time since last request: 481188.387731 seconds.
  path: Assets/modular_wooden_pier_4k.prefab
  artifactKey: Guid(4552ded2f30eb2643a5e0ba3c3706a83) Importer(815301076,1909f56bfc062723c751e8b465ee728b)
Start importing Assets/modular_wooden_pier_4k.prefab using Guid(4552ded2f30eb2643a5e0ba3c3706a83) Importer(815301076,1909f56bfc062723c751e8b465ee728b)  -> (artifact id: 'ee35019eef7ce2939029eb53d3d019bd') in 0.937747 seconds 
========================================================================
Received Import Request.
  Time since last request: 100.700017 seconds.
  path: Assets/modular_wooden_pier_4k.Textures
  artifactKey: Guid(d599a822c3a65444993eb8f054fbd61f) Importer(815301076,1909f56bfc062723c751e8b465ee728b)
Start importing Assets/modular_wooden_pier_4k.Textures using Guid(d599a822c3a65444993eb8f054fbd61f) Importer(815301076,1909f56bfc062723c751e8b465ee728b)  -> (artifact id: '667c27c8470dbf0a9895ba39949b53f9') in 0.001730 seconds 
========================================================================
Received Import Request.
  Time since last request: 50.965759 seconds.
  path: Assets/modular_wooden_pier_4k.Meshes
  artifactKey: Guid(f8dc0599e91319948b99f79b4320b7b3) Importer(815301076,1909f56bfc062723c751e8b465ee728b)
Start importing Assets/modular_wooden_pier_4k.Meshes using Guid(f8dc0599e91319948b99f79b4320b7b3) Importer(815301076,1909f56bfc062723c751e8b465ee728b)  -> (artifact id: 'fa8997a7d46e63a0374c2c5019cf22cf') in 0.002003 seconds 
========================================================================
Received Import Request.
  Time since last request: 2.549806 seconds.
  path: Assets/modular_wooden_pier_4k.Materials
  artifactKey: Guid(f730cfb1d058d0b4eb978ca7490901e1) Importer(815301076,1909f56bfc062723c751e8b465ee728b)
Start importing Assets/modular_wooden_pier_4k.Materials using Guid(f730cfb1d058d0b4eb978ca7490901e1) Importer(815301076,1909f56bfc062723c751e8b465ee728b)  -> (artifact id: '842d1dd65a4ce8bd29356da14bc6cb31') in 0.001387 seconds 
========================================================================
Received Import Request.
  Time since last request: 3.685149 seconds.
  path: Assets/Scenes
  artifactKey: Guid(6ea315d0fd7389c41b19996891e99ae3) Importer(815301076,1909f56bfc062723c751e8b465ee728b)
Start importing Assets/Scenes using Guid(6ea315d0fd7389c41b19996891e99ae3) Importer(815301076,1909f56bfc062723c751e8b465ee728b)  -> (artifact id: 'b8193726cff86800c54781cdc6d54904') in 0.001730 seconds 
========================================================================
Received Import Request.
  Time since last request: 3.403553 seconds.
  path: Assets/modular_wooden_pier_4k.Textures/modular_wooden_pier_planks_metal-modular_wooden_pier_planks_rough.metallicRoughness.asset
  artifactKey: Guid(1444da41d6898b742ba43ea1c3175405) Importer(815301076,1909f56bfc062723c751e8b465ee728b)
Start importing Assets/modular_wooden_pier_4k.Textures/modular_wooden_pier_planks_metal-modular_wooden_pier_planks_rough.metallicRoughness.asset using Guid(1444da41d6898b742ba43ea1c3175405) Importer(815301076,1909f56bfc062723c751e8b465ee728b)  -> (artifact id: 'c2ea5dc5e29b76a68809fb2aaa70a953') in 0.276126 seconds 
========================================================================
Received Import Request.
  Time since last request: 0.000027 seconds.
  path: Assets/modular_wooden_pier_4k.Textures/modular_wooden_pier_poles_nor_gl.jpg
  artifactKey: Guid(7422f03f9933a1f42842dd1b6cefc89b) Importer(815301076,1909f56bfc062723c751e8b465ee728b)
Start importing Assets/modular_wooden_pier_4k.Textures/modular_wooden_pier_poles_nor_gl.jpg using Guid(7422f03f9933a1f42842dd1b6cefc89b) Importer(815301076,1909f56bfc062723c751e8b465ee728b)  -> (artifact id: '2d9fbdeca4b35f7e25a95932b0b1c6aa') in 0.038792 seconds 
========================================================================
Received Import Request.
  Time since last request: 76.708199 seconds.
  path: Assets/modular_wooden_pier_4k.Textures/modular_wooden_pier_poles_diff.jpg
  artifactKey: Guid(aa14c476fe8e9024e862b4ffcaf48b30) Importer(815301076,1909f56bfc062723c751e8b465ee728b)
Start importing Assets/modular_wooden_pier_4k.Textures/modular_wooden_pier_poles_diff.jpg using Guid(aa14c476fe8e9024e862b4ffcaf48b30) Importer(815301076,1909f56bfc062723c751e8b465ee728b)  -> (artifact id: '5b4f711060533c0b12cadca2986509c3') in 0.032115 seconds 
========================================================================
Received Import Request.
  Time since last request: 12.366298 seconds.
  path: Assets/modular_wooden_pier_4k.Materials/modular_wooden_pier_planks.asset
  artifactKey: Guid(402eea908bed9294984f71bd496f9bb1) Importer(815301076,1909f56bfc062723c751e8b465ee728b)
Start importing Assets/modular_wooden_pier_4k.Materials/modular_wooden_pier_planks.asset using Guid(402eea908bed9294984f71bd496f9bb1) Importer(815301076,1909f56bfc062723c751e8b465ee728b)  -> (artifact id: '6e8f00f58c1317d9dbabc5da5ff218f8') in 0.266011 seconds 
========================================================================
Received Import Request.
  Time since last request: 36.940213 seconds.
  path: Assets/modular_wooden_pier_4k.Meshes/mesh.013.asset
  artifactKey: Guid(00d7efddbb0130a459bdbd384ee5e78b) Importer(815301076,1909f56bfc062723c751e8b465ee728b)
Start importing Assets/modular_wooden_pier_4k.Meshes/mesh.013.asset using Guid(00d7efddbb0130a459bdbd384ee5e78b) Importer(815301076,1909f56bfc062723c751e8b465ee728b)  -> (artifact id: '722ce7a369f4cbd8e348b4f269f753fd') in 0.300256 seconds 
========================================================================
Received Import Request.
  Time since last request: 0.000035 seconds.
  path: Assets/modular_wooden_pier_4k.Meshes/Plane.062.asset
  artifactKey: Guid(27b65f5cb93fcac44a57baf9a9f95b87) Importer(815301076,1909f56bfc062723c751e8b465ee728b)
Start importing Assets/modular_wooden_pier_4k.Meshes/Plane.062.asset using Guid(27b65f5cb93fcac44a57baf9a9f95b87) Importer(815301076,1909f56bfc062723c751e8b465ee728b)  -> (artifact id: '9083b362479b5c832492df723f65ddc2') in 0.046918 seconds 
========================================================================
Received Import Request.
  Time since last request: 0.000027 seconds.
  path: Assets/modular_wooden_pier_4k.Meshes/Plane.056.asset
  artifactKey: Guid(b18cd922e72d1114e942c60c15ad79a8) Importer(815301076,1909f56bfc062723c751e8b465ee728b)
Start importing Assets/modular_wooden_pier_4k.Meshes/Plane.056.asset using Guid(b18cd922e72d1114e942c60c15ad79a8) Importer(815301076,1909f56bfc062723c751e8b465ee728b)  -> (artifact id: '8184e30c24487258d85dc25d131d0f41') in 0.067555 seconds 
========================================================================
Received Import Request.
  Time since last request: 24.250481 seconds.
  path: Assets/modular_wooden_pier_4k.Materials/modular_wooden_pier_planks.asset
  artifactKey: Guid(402eea908bed9294984f71bd496f9bb1) Importer(815301076,1909f56bfc062723c751e8b465ee728b)
Start importing Assets/modular_wooden_pier_4k.Materials/modular_wooden_pier_planks.asset using Guid(402eea908bed9294984f71bd496f9bb1) Importer(815301076,1909f56bfc062723c751e8b465ee728b)  -> (artifact id: '825c1bab24f7730736dee47d2f138cf4') in 0.279120 seconds 
